TN:
SF:C:/Users/Sam-Iduh Priscilla/documents/book-a-meal/server/app.js
FN:11,(anonymous_1)
FNF:1
FNH:0
FNDA:0,(anonymous_1)
DA:1,1
DA:2,1
DA:3,1
DA:5,1
DA:6,1
DA:7,1
DA:9,1
DA:11,1
LF:8
LH:8
BRF:0
BRH:0
end_of_record
TN:
SF:C:/Users/Sam-Iduh Priscilla/documents/book-a-meal/server/src/controllers/meal.js
FN:23,(anonymous_9)
FN:24,(anonymous_10)
FNF:2
FNH:2
FNDA:4,(anonymous_9)
FNDA:2,(anonymous_10)
DA:1,1
DA:9,0
DA:21,2
DA:23,4
DA:24,2
DA:25,2
DA:26,1
DA:33,1
DA:41,1
DA:42,1
LF:10
LH:9
BRDA:25,0,0,1
BRDA:25,0,1,1
BRDA:35,1,0,1
BRDA:35,1,1,1
BRDA:36,2,0,1
BRDA:36,2,1,1
BRDA:37,3,0,1
BRDA:37,3,1,1
BRF:8
BRH:8
end_of_record
TN:
SF:C:/Users/Sam-Iduh Priscilla/documents/book-a-meal/server/src/models/meal.js
FNF:0
FNH:0
DA:1,1
LF:1
LH:1
BRF:0
BRH:0
end_of_record
TN:
SF:C:/Users/Sam-Iduh Priscilla/documents/book-a-meal/server/src/routes/index.js
FNF:0
FNH:0
DA:1,1
DA:2,1
DA:7,1
DA:8,1
LF:4
LH:4
BRF:0
BRH:0
end_of_record
