TN:
SF:C:/Users/Sam-Iduh Priscilla/documents/book-a-meal/server/app.js
FN:11,(anonymous_1)
FNF:1
FNH:0
FNDA:0,(anonymous_1)
DA:1,1
DA:2,1
DA:3,1
DA:5,1
DA:6,1
DA:7,1
DA:9,1
DA:11,1
LF:8
LH:8
BRF:0
BRH:0
end_of_record
TN:
SF:C:/Users/Sam-Iduh Priscilla/documents/book-a-meal/server/src/controllers/meal.js
FN:24,(anonymous_9)
FN:25,(anonymous_10)
FN:61,(anonymous_12)
FN:62,(anonymous_13)
FNF:4
FNH:4
FNDA:3,(anonymous_9)
FNDA:2,(anonymous_10)
FNDA:2,(anonymous_12)
FNDA:2,(anonymous_13)
DA:1,1
DA:9,1
DA:22,2
DA:24,3
DA:25,2
DA:26,2
DA:27,1
DA:34,1
DA:42,1
DA:43,1
DA:59,2
DA:61,2
DA:62,2
DA:64,2
DA:65,0
DA:71,2
DA:72,2
LF:17
LH:16
BRDA:26,0,0,1
BRDA:26,0,1,1
BRDA:36,1,0,1
BRDA:36,1,1,0
BRDA:37,2,0,1
BRDA:37,2,1,0
BRDA:38,3,0,1
BRDA:38,3,1,1
BRDA:64,4,0,0
BRDA:64,4,1,2
BRF:10
BRH:7
end_of_record
TN:
SF:C:/Users/Sam-Iduh Priscilla/documents/book-a-meal/server/src/models/meal.js
FNF:0
FNH:0
DA:1,1
LF:1
LH:1
BRF:0
BRH:0
end_of_record
TN:
SF:C:/Users/Sam-Iduh Priscilla/documents/book-a-meal/server/src/routes/index.js
FNF:0
FNH:0
DA:1,1
DA:2,1
DA:7,1
DA:9,1
DA:11,1
LF:5
LH:5
BRF:0
BRH:0
end_of_record
